#
# A fatal error has been detected by the Java Runtime Environment:
#
#  Internal Error (safepoint.cpp:555), pid=4868, tid=2604
#  Error: Deadlock in safepoint code.  Should have called back to the VM before blocking.
#
# JRE version: 6.0_17-b04
# Java VM: Java HotSpot(TM) 64-Bit Server VM (14.3-b01 mixed mode windows-amd64 )
# If you would like to submit a bug report, please visit:
#   http://java.sun.com/webapps/bugreport/crash.jsp
#

---------------  T H R E A D  ---------------

Current thread (0x000000000fedd800):  JavaThread "main" [_thread_in_native_trans, id=2604, stack(0x0000000000eb0000,0x0000000004eb0000)]

Stack: [0x0000000000eb0000,0x0000000004eb0000]
[error occurred during error reporting (printing stack bounds), id 0xe0000000]


[error occurred during error reporting (printing native stack), id 0xe0000000]


---------------  P R O C E S S  ---------------

Java Threads: ( => current thread )
  0x000000002da76800 JavaThread "Code Analyzer updating thread" [_thread_blocked, id=856, stack(0x0000000030a90000,0x0000000030b10000)]
  0x000000002da79800 JavaThread "Prefs Updater" daemon [_thread_blocked, id=6912, stack(0x0000000030a10000,0x0000000030a90000)]
  0x000000002da75800 JavaThread "Code Analyzer updating thread" [_thread_blocked, id=6844, stack(0x000000002f6c0000,0x000000002f740000)]
  0x000000002da78000 JavaThread "Active Reference Queue Daemon" daemon [_thread_blocked, id=6272, stack(0x000000002f640000,0x000000002f6c0000)]
  0x000000002da78800 JavaThread "Timer-8" daemon [_thread_blocked, id=6540, stack(0x000000002f540000,0x000000002f5c0000)]
  0x000000002da75000 JavaThread "Timer-7" daemon [_thread_blocked, id=5884, stack(0x000000002f4c0000,0x000000002f540000)]
  0x00000000552fb800 JavaThread "Explorer NavigationContext request queue" [_thread_blocked, id=5972, stack(0x000000002f440000,0x000000002f4c0000)]
  0x00000000552fd000 JavaThread "AddressBar directory emptiness poller" [_thread_blocked, id=4876, stack(0x000000002f2f0000,0x000000002f370000)]
  0x00000000552fe000 JavaThread "Explorer Refresh Service 842580995" [_thread_blocked, id=5216, stack(0x000000002f270000,0x000000002f2f0000)]
  0x00000000552fd800 JavaThread "Timer-1" daemon [_thread_blocked, id=5608, stack(0x000000002ecc0000,0x000000002ed40000)]
  0x00000000552f8800 JavaThread "TimerQueue" daemon [_thread_blocked, id=1244, stack(0x000000002eaf0000,0x000000002eb70000)]
  0x00000000552fa800 JavaThread "Thread-5" daemon [_thread_blocked, id=6012, stack(0x000000002e0a0000,0x000000002e120000)]
  0x00000000552fa000 JavaThread "FelixPackageAdmin" daemon [_thread_blocked, id=3064, stack(0x000000002e220000,0x000000002e2a0000)]
  0x00000000552f7000 JavaThread "FelixStartLevel" daemon [_thread_blocked, id=5140, stack(0x000000002e1a0000,0x000000002e220000)]
  0x00000000568ab800 JavaThread "FelixDispatchQueue" daemon [_thread_blocked, id=2732, stack(0x000000002e120000,0x000000002e1a0000)]
  0x00000000562ce000 JavaThread "AWT-EventQueue-0" [_thread_blocked, id=7100, stack(0x000000002e020000,0x000000002e0a0000)]
  0x000000002cf83800 JavaThread "AWT-Shutdown" [_thread_blocked, id=6804, stack(0x000000002dfa0000,0x000000002e020000)]
  0x000000005643f000 JavaThread "com.google.common.base.internal.Finalizer" daemon [_thread_blocked, id=1344, stack(0x000000002ced0000,0x000000002cf50000)]
  0x0000000056289000 JavaThread "AWT-Windows" daemon [_thread_blocked, id=2908, stack(0x0000000057220000,0x00000000572a0000)]
  0x00000000552b9000 JavaThread "Java2D Disposer" daemon [_thread_blocked, id=3184, stack(0x0000000057120000,0x00000000571a0000)]
  0x0000000055e7f000 JavaThread "Timer-0" [_thread_blocked, id=6400, stack(0x00000000570a0000,0x0000000057120000)]
  0x0000000055f80800 JavaThread "EventMgr Dispatcher" daemon [_thread_in_native, id=6988, stack(0x0000000009200000,0x000000000d200000)]
  0x00000000552ca800 JavaThread "Low Memory Detector" daemon [_thread_blocked, id=6712, stack(0x0000000055450000,0x00000000554d0000)]
  0x00000000552c6000 JavaThread "CompilerThread1" daemon [_thread_blocked, id=3316, stack(0x00000000669b0000,0x000000006a9b0000)]
  0x00000000552c2000 JavaThread "CompilerThread0" daemon [_thread_blocked, id=6520, stack(0x00000000629b0000,0x00000000669b0000)]
  0x00000000552bb800 JavaThread "Attach Listener" daemon [_thread_blocked, id=6864, stack(0x0000000034d70000,0x0000000034df0000)]
  0x000000000ffb6800 JavaThread "Finalizer" daemon [_thread_blocked, id=4568, stack(0x0000000034cf0000,0x0000000034d70000)]
  0x000000000ffb3000 JavaThread "Reference Handler" daemon [_thread_blocked, id=5968, stack(0x0000000034c70000,0x0000000034cf0000)]
=>0x000000000fedd800 JavaThread "main" [_thread_in_native_trans, id=2604, stack(0x0000000000eb0000,0x0000000004eb0000)]

Other Threads:
  0x0000000055292000 VMThread [stack: 0x000000005e9b0000,0x00000000629b0000] [id=5604]
  0x00000000552ec000 WatcherThread [stack: 0x000000006a9b0000,0x000000006e9b0000] [id=4908]

VM state:synchronizing (normal execution)

VM Mutex/Monitor currently owned by a thread:  ([mutex/lock_event])
[0x000000000feda560] Threads_lock - owner thread: 0x0000000055292000
[0x000000000feda3e0] JNIGlobalHandle_lock - owner thread: 0x000000000fedd800
[0x000000000fedae70] MethodCompileQueue_lock - owner thread: 0x00000000562ce000

Heap
 PSYoungGen      total 35456K, used 17185K [0x000000004e150000, 0x0000000051250000, 0x0000000051250000)
  eden space 27264K, 33% used [0x000000004e150000,0x000000004ea28058,0x000000004fbf0000)
  from space 8192K, 99% used [0x000000004fbf0000,0x00000000503e0590,0x00000000503f0000)
  to   space 11584K, 0% used [0x0000000050700000,0x0000000050700000,0x0000000051250000)
 PSOldGen        total 64832K, used 42563K [0x0000000044e50000, 0x0000000048da0000, 0x000000004e150000)
  object space 64832K, 65% used [0x0000000044e50000,0x00000000477e0c00,0x0000000048da0000)
 PSPermGen       total 110528K, used 62447K [0x000000003ce50000, 0x0000000043a40000, 0x0000000044e50000)
  object space 110528K, 56% used [0x000000003ce50000,0x0000000040b4bee0,0x0000000043a40000)

Dynamic libraries:
0x00007ff724280000 - 0x00007ff7242ad000 	D:\daruanjian\matlab\bin\win64\matlab.exe
0x00007fff2ba50000 - 0x00007fff2bbf9000 	C:\Windows\SYSTEM32\ntdll.dll
0x00007fff297d0000 - 0x00007fff29909000 	C:\Windows\system32\KERNEL32.DLL
0x00007fff28f40000 - 0x00007fff2904e000 	C:\Windows\system32\KERNELBASE.dll
0x0000000074460000 - 0x000000007451f000 	D:\daruanjian\matlab\bin\win64\libut.dll
0x0000000180000000 - 0x00000001802dc000 	D:\daruanjian\matlab\bin\win64\libmwservices.dll
0x0000000074970000 - 0x0000000074a31000 	D:\daruanjian\matlab\bin\win64\mcr.dll
0x000000005a8d0000 - 0x000000005a9a3000 	C:\Windows\WinSxS\amd64_microsoft.vc90.crt_1fc8b3b9a1e18e3b_9.0.30729.8387_none_08e793bfa83a89b5\MSVCP90.dll
0x000000005a760000 - 0x000000005a803000 	C:\Windows\WinSxS\amd64_microsoft.vc90.crt_1fc8b3b9a1e18e3b_9.0.30729.8387_none_08e793bfa83a89b5\MSVCR90.dll
0x00000000758a0000 - 0x000000007595c000 	D:\daruanjian\matlab\bin\win64\libmwi18n.dll
0x0000000073f70000 - 0x000000007411d000 	D:\daruanjian\matlab\bin\win64\libmwfl.dll
0x000000007a3b0000 - 0x000000007a3c0000 	D:\daruanjian\matlab\bin\win64\boost_date_time-vc90-mt-1_44.dll
0x000000007a560000 - 0x000000007a569000 	D:\daruanjian\matlab\bin\win64\boost_system-vc90-mt-1_44.dll
0x000000007a2d0000 - 0x000000007a2e2000 	D:\daruanjian\matlab\bin\win64\boost_thread-vc90-mt-1_44.dll
0x00000000050d0000 - 0x000000000518d000 	D:\daruanjian\matlab\bin\win64\boost_log-vc90-mt-1_44.dll
0x000000005a5e0000 - 0x000000005a751000 	D:\daruanjian\matlab\bin\win64\icuuc44.dll
0x000000005a8b0000 - 0x000000005a8c3000 	D:\daruanjian\matlab\bin\win64\icuio44.dll
0x0000000004ef0000 - 0x0000000004f36000 	D:\daruanjian\matlab\bin\win64\tbb.dll
0x00007fff299c0000 - 0x00007fff299c7000 	C:\Windows\system32\PSAPI.DLL
0x00007fff1c1e0000 - 0x00007fff1c368000 	C:\Windows\SYSTEM32\dbghelp.dll
0x00007fff2a590000 - 0x00007fff2a635000 	C:\Windows\system32\ADVAPI32.dll
0x00007fff2a3d0000 - 0x00007fff2a541000 	C:\Windows\system32\USER32.dll
0x0000000075a20000 - 0x0000000075af3000 	D:\daruanjian\matlab\bin\win64\libmx.dll
0x0000000005190000 - 0x00000000051dd000 	D:\daruanjian\matlab\bin\win64\libmwregexp.dll
0x00000000051e0000 - 0x0000000005203000 	D:\daruanjian\matlab\bin\win64\libmwmfl_scalar.dll
0x0000000075f10000 - 0x0000000075f60000 	D:\daruanjian\matlab\bin\win64\mpath.dll
0x000000007b680000 - 0x000000007bc9a000 	D:\daruanjian\matlab\bin\win64\mlutil.dll
0x0000000005210000 - 0x00000000055c6000 	D:\daruanjian\matlab\bin\win64\libmwMATLAB_res.dll
0x00000000055d0000 - 0x00000000055f0000 	D:\daruanjian\matlab\bin\win64\libmwMATLAB_settings_res.dll
0x000000007a170000 - 0x000000007a19c000 	D:\daruanjian\matlab\bin\win64\boost_filesystem-vc90-mt-1_44.dll
0x00000000055f0000 - 0x0000000005637000 	D:\daruanjian\matlab\bin\win64\boost_serialization-vc90-mt-1_44.dll
0x00007fff29230000 - 0x00007fff292d1000 	C:\Windows\WinSxS\amd64_microsoft.windows.common-controls_6595b64144ccf1df_5.82.9600.16384_none_34a8918f959016ea\COMCTL32.dll
0x00007fff292e0000 - 0x00007fff2937a000 	C:\Windows\system32\COMDLG32.dll
0x00007fff23c40000 - 0x00007fff23c55000 	C:\Windows\SYSTEM32\NETAPI32.dll
0x00007fff29380000 - 0x00007fff293d8000 	C:\Windows\system32\WS2_32.dll
0x0000000005640000 - 0x0000000005893000 	D:\daruanjian\matlab\bin\win64\xerces-c_2_7.dll
0x00007fff2a640000 - 0x00007fff2ba4d000 	C:\Windows\system32\SHELL32.dll
0x00007fff29dc0000 - 0x00007fff29f36000 	C:\Windows\system32\ole32.dll
0x00007fff2a300000 - 0x00007fff2a3b7000 	C:\Windows\system32\OLEAUT32.dll
0x0000000075000000 - 0x00000000753e9000 	D:\daruanjian\matlab\bin\win64\iqm.dll
0x0000000079fb0000 - 0x0000000079fe6000 	D:\daruanjian\matlab\bin\win64\libmwbridge.dll
0x000000005a880000 - 0x000000005a8a7000 	D:\daruanjian\matlab\bin\win64\libmex.dll
0x0000000074e80000 - 0x0000000074f38000 	D:\daruanjian\matlab\bin\win64\m_dispatcher.dll
0x00007fff0f6c0000 - 0x00007fff0f956000 	D:\daruanjian\matlab\bin\win64\mcos.dll
0x000000005a480000 - 0x000000005a5d2000 	D:\daruanjian\matlab\bin\win64\libmwgui.dll
0x0000000059a20000 - 0x000000005a47f000 	D:\daruanjian\matlab\bin\win64\hg.dll
0x0000000059900000 - 0x0000000059a1f000 	D:\daruanjian\matlab\bin\win64\hgutils.dll
0x00007fff0dbb0000 - 0x00007fff0e421000 	D:\daruanjian\matlab\bin\win64\m_interpreter.dll
0x0000000075710000 - 0x00000000757de000 	D:\daruanjian\matlab\bin\win64\jmi.dll
0x0000000059840000 - 0x0000000059900000 	D:\daruanjian\matlab\bin\win64\udd_mi.dll
0x00000000058b0000 - 0x0000000005b81000 	D:\daruanjian\matlab\bin\win64\uiw.dll
0x000000005a850000 - 0x000000005a872000 	D:\daruanjian\matlab\bin\win64\mwoles05.DLL
0x00000000597c0000 - 0x000000005983d000 	D:\daruanjian\matlab\bin\win64\comcli.dll
0x000000005a840000 - 0x000000005a84c000 	D:\daruanjian\matlab\bin\win64\mlautoregister.dll
0x0000000005b90000 - 0x0000000005ba0000 	D:\daruanjian\matlab\bin\win64\boost_iostreams-vc90-mt-1_44.dll
0x00007fff2a010000 - 0x00007fff2a155000 	C:\Windows\system32\GDI32.dll
0x0000000005bb0000 - 0x0000000005bbb000 	D:\daruanjian\matlab\bin\win64\libmwresource_core.dll
0x000000007a010000 - 0x000000007a035000 	D:\daruanjian\matlab\bin\win64\LIBEXPAT.dll
0x00000000595c0000 - 0x00000000597b1000 	D:\daruanjian\matlab\bin\win64\icuin44.dll
0x000000007a250000 - 0x000000007a263000 	D:\daruanjian\matlab\bin\win64\boost_signals-vc90-mt-1_44.dll
0x00007fff295c0000 - 0x00007fff295d5000 	C:\Windows\system32\imagehlp.dll
0x0000000010000000 - 0x0000000010e41000 	D:\daruanjian\matlab\bin\win64\icudt44.dll
0x00007fff295e0000 - 0x00007fff29687000 	C:\Windows\system32\msvcrt.dll
0x00007fff29fb0000 - 0x00007fff2a007000 	C:\Windows\SYSTEM32\sechost.dll
0x00007fff29690000 - 0x00007fff297c6000 	C:\Windows\system32\RPCRT4.dll
0x0000000005c50000 - 0x0000000005c79000 	D:\daruanjian\matlab\bin\win64\tbbmalloc.dll
0x000000007a210000 - 0x000000007a228000 	D:\daruanjian\matlab\bin\win64\zlib1.dll
0x00000000754d0000 - 0x0000000075551000 	D:\daruanjian\matlab\bin\win64\xmlcore.dll
0x00007fff29f50000 - 0x00007fff29fa1000 	C:\Windows\system32\SHLWAPI.dll
0x00007fff28080000 - 0x00007fff2808c000 	C:\Windows\SYSTEM32\netutils.dll
0x00007fff289e0000 - 0x00007fff28a05000 	C:\Windows\SYSTEM32\srvcli.dll
0x00007fff23a80000 - 0x00007fff23a96000 	C:\Windows\SYSTEM32\wkscli.dll
0x00007fff29b70000 - 0x00007fff29b79000 	C:\Windows\system32\NSI.dll
0x00007fff29b80000 - 0x00007fff29d57000 	C:\Windows\SYSTEM32\combase.dll
0x00000000594f0000 - 0x00000000595b8000 	D:\daruanjian\matlab\bin\win64\udd.dll
0x0000000074880000 - 0x000000007496d000 	D:\daruanjian\matlab\bin\win64\boost_regex-vc90-mt-1_44.dll
0x00000000594d0000 - 0x00000000594e7000 	D:\daruanjian\matlab\bin\win64\graphics_util.dll
0x0000000076100000 - 0x0000000076168000 	D:\daruanjian\matlab\bin\win64\libmat.dll
0x0000000059480000 - 0x00000000594c6000 	D:\daruanjian\matlab\bin\win64\libmwhardcopy.dll
0x0000000059410000 - 0x0000000059473000 	D:\daruanjian\matlab\bin\win64\libuij.dll
0x00000000591a0000 - 0x0000000059404000 	D:\daruanjian\matlab\bin\win64\hgdatatypes.dll
0x0000000005d80000 - 0x0000000005e05000 	D:\daruanjian\matlab\bin\win64\libmwlapack.dll
0x0000000005e10000 - 0x0000000005e4b000 	D:\daruanjian\matlab\bin\win64\libmwgbtutils.dll
0x0000000005e50000 - 0x0000000005e6b000 	D:\daruanjian\matlab\bin\win64\libmwgbt.dll
0x0000000058cb0000 - 0x0000000059194000 	C:\Windows\WinSxS\amd64_microsoft.vc90.mfc_1fc8b3b9a1e18e3b_9.0.30729.6161_none_044aad0bab1eb146\mfc90.dll
0x00007fff24880000 - 0x00007fff248fb000 	C:\Windows\SYSTEM32\WINSPOOL.DRV
0x0000000058c20000 - 0x0000000058ca4000 	D:\daruanjian\matlab\bin\win64\profiler.dll
0x0000000005e90000 - 0x00000000060fa000 	D:\daruanjian\matlab\bin\win64\libmwmathutil.dll
0x0000000079f40000 - 0x0000000079f6e000 	D:\daruanjian\matlab\bin\win64\libmwmathrng.dll
0x0000000058bf0000 - 0x0000000058c11000 	D:\daruanjian\matlab\bin\win64\m_pcodeio.dll
0x0000000079b10000 - 0x0000000079b77000 	D:\daruanjian\matlab\bin\win64\m_ir.dll
0x0000000058580000 - 0x0000000058bf0000 	D:\daruanjian\matlab\bin\win64\m_parser.dll
0x0000000058540000 - 0x0000000058571000 	D:\daruanjian\matlab\bin\win64\m_pcodegen.dll
0x0000000006100000 - 0x000000000616a000 	D:\daruanjian\matlab\bin\win64\libmwspmatrix.dll
0x0000000006180000 - 0x000000000618d000 	D:\daruanjian\matlab\bin\win64\nativejava_services.dll
0x0000000058530000 - 0x000000005853f000 	D:\daruanjian\matlab\bin\win64\uinone.dll
0x00000000061b0000 - 0x00000000061d9000 	D:\daruanjian\matlab\bin\win64\libmwnativefiledialogs.dll
0x00007fff1e700000 - 0x00007fff1e71b000 	C:\Windows\SYSTEM32\MPR.dll
0x0000000058500000 - 0x000000005852f000 	C:\Windows\WinSxS\amd64_microsoft.vc90.atl_1fc8b3b9a1e18e3b_9.0.30729.6161_none_0a1fd3a3a768b895\ATL90.DLL
0x0000000072d30000 - 0x0000000072f44000 	D:\daruanjian\matlab\bin\win64\hdf5dll.dll
0x000000007a310000 - 0x000000007a321000 	D:\daruanjian\matlab\bin\win64\libmwbinder.dll
0x000000007a4d0000 - 0x000000007a4dc000 	D:\daruanjian\matlab\bin\win64\libmwompwrapper.dll
0x00007fff24d60000 - 0x00007fff24d67000 	C:\Windows\SYSTEM32\MSIMG32.dll
0x0000000006360000 - 0x0000000006372000 	D:\daruanjian\matlab\bin\win64\libmwmfl_rng.dll
0x0000000074c10000 - 0x0000000074cee000 	D:\daruanjian\matlab\bin\win64\libmwmathcore.dll
0x00000000584e0000 - 0x00000000584fa000 	D:\daruanjian\matlab\bin\win64\ir_xfmr.dll
0x00000000584c0000 - 0x00000000584d1000 	D:\daruanjian\matlab\bin\win64\mtok.dll
0x0000000006400000 - 0x0000000006408000 	D:\daruanjian\matlab\bin\win64\libmwplatform_res.dll
0x00007fff27420000 - 0x00007fff274c1000 	C:\Windows\SYSTEM32\SHCORE.DLL
0x0000000075ea0000 - 0x0000000075f02000 	D:\daruanjian\matlab\bin\win64\libmwcholmod.dll
0x000000007a460000 - 0x000000007a46d000 	D:\daruanjian\matlab\bin\win64\libmwamd.dll
0x000000007a4b0000 - 0x000000007a4bc000 	D:\daruanjian\matlab\bin\win64\libmwcolamd.dll
0x000000007a290000 - 0x000000007a2a9000 	D:\daruanjian\matlab\bin\win64\libmwblas.dll
0x00007fff2a550000 - 0x00007fff2a584000 	C:\Windows\system32\IMM32.DLL
0x00007fff2a1c0000 - 0x00007fff2a2f8000 	C:\Windows\system32\MSCTF.dll
0x00007fff27b20000 - 0x00007fff27c42000 	C:\Windows\system32\UxTheme.dll
0x00007fff27240000 - 0x00007fff27261000 	C:\Windows\system32\dwmapi.dll
0x00000000584b0000 - 0x00000000584b9000 	C:\Windows\WinSxS\amd64_microsoft.vc90.mfcloc_1fc8b3b9a1e18e3b_9.0.30729.6161_none_01c9581e60cbee58\MFC90CHS.DLL
0x00007fff107a0000 - 0x00007fff1082f000 	C:\Program Files (x86)\360\360AP\360WifiSchool64.dllhook.dll
0x00007fff26ab0000 - 0x00007fff26aba000 	C:\Windows\SYSTEM32\VERSION.dll
0x00007fff27220000 - 0x00007fff27231000 	C:\Windows\SYSTEM32\WTSAPI32.dll
0x00007fff29050000 - 0x00007fff29227000 	C:\Windows\system32\CRYPT32.dll
0x00007fff23970000 - 0x00007fff23999000 	C:\Windows\SYSTEM32\IPHLPAPI.DLL
0x00007fff28e80000 - 0x00007fff28e92000 	C:\Windows\system32\MSASN1.dll
0x00007fff23960000 - 0x00007fff2396a000 	C:\Windows\SYSTEM32\WINNSI.DLL
0x00007fff28dd0000 - 0x00007fff28de4000 	C:\Windows\SYSTEM32\profapi.dll
0x0000000078870000 - 0x0000000078ecd000 	D:\daruanjian\matlab\sys\java\jre\win64\jre\bin\server\jvm.dll
0x00007fff24d70000 - 0x00007fff24d8f000 	C:\Windows\SYSTEM32\WINMM.dll

VM Arguments:
jvm_args: -Xss512k -XX:PermSize=32m -Xms64m -XX:NewRatio=3 -XX:MaxPermSize=128m -Xmx196m -XX:MaxDirectMemorySize=2147400000 -Dsun.java2d.noddraw=true -Dsun.awt.nopixfmt=true -Xshare:off -Xrs -Dsun.awt.disableMixing=true -Djava.library.path=D:\daruanjian\matlab\bin\win64;D:\daruanjian\matlab\sys\jxbrowser\win64\lib vfprintf abort -Duser.language=en -Duser.country=US 
java_command: <unknown>
Launcher Type: generic

Environment Variables:
CLASSPATH=.;C:\Program Files (x86)\QuickTime\QTSystem\QTJava.zip
PATH=D:\daruanjian\matlab\bin\win64;C:\Program Files (x86)\NVIDIA Corporation\PhysX\Common;C:\Windows\system32;C:\Windows;C:\Windows\System32\Wbem;C:\Windows\System32\WindowsPowerShell\v1.0\;C:\Program Files (x86)\Microsoft SQL Server\100\Tools\Binn\;C:\Program Files\Microsoft SQL Server\100\Tools\Binn\;C:\Program Files\Microsoft SQL Server\100\DTS\Binn\D:\daruanjian\opencv\build\x64\vc10\bin;D:\daruanjian\matlab\runtime\win64;D:\daruanjian\matlab\bin;c:\Program Files (x86)\Common Files\Ulead Systems\MPEG;C:\Program Files (x86)\QuickTime\QTSystem\;D:\Program Files (x86)\5.1;D:\Program Files (x86)\5.1\clibs;D:\daruanjian\opencv\build\x86\vc10\bin
USERNAME=zhulifu
OS=Windows_NT
PROCESSOR_IDENTIFIER=Intel64 Family 6 Model 23 Stepping 10, GenuineIntel



---------------  S Y S T E M  ---------------

OS: Windows NT 6.2 Build 9200 

CPU:total 2 (2 cores per cpu, 1 threads per core) family 6 model 23 stepping 10, cmov, cx8, fxsr, mmx, sse, sse2, sse3, ssse3

Memory: 4k page, physical 6290420k(4180540k free), swap 7338996k(4851872k free)

vm_info: Java HotSpot(TM) 64-Bit Server VM (14.3-b01) for windows-amd64 JRE (1.6.0_17-b04), built on Oct 11 2009 00:46:08 by "java_re" with MS VC++ 8.0

time: Wed Feb 22 20:38:45 2017
elapsed time: 151 seconds

